---------- Date: 2015-08-17 11:16:58 ~ IP : 111.93.24.238 ----------
REQUEST URI : /index.php?route=product/product&path=59&product_id=50
MOD DETAILS:
   modFile   : /var/www/html/vqmod/xml/simple_blog_catalog.xml
   id        : VQMOD CORE FOR OPENCART - DO NOT REMOVE
   version   : 1.4.x and 1.5.x
   vqmver    : 2.4.0
   author    : Opcrat

File Name    : catalog/view/theme/*/template/common/footer.tpl(0)
VQModObject::applyMod - SEARCH NOT FOUND (ABORTING MOD): <?php echo $special; ?>

----------------------------------------------------------------------


---------- Date: 2015-08-17 11:19:39 ~ IP : 111.93.24.238 ----------
REQUEST URI : /index.php?route=product/product&path=59&product_id=50
VQMod::_parseMods - INVALID XML FILE: : Document is empty in /var/www/html/vqmod/xml/vqmod_comboproducts_catalog.xml, line: 1
MOD DETAILS:
   modFile   : /var/www/html/vqmod/xml/simple_blog_catalog.xml
   id        : VQMOD CORE FOR OPENCART - DO NOT REMOVE
   version   : 1.4.x and 1.5.x
   vqmver    : 2.4.0
   author    : Opcrat

File Name    : catalog/view/theme/*/template/common/footer.tpl(0)
VQModObject::applyMod - SEARCH NOT FOUND (ABORTING MOD): <?php echo $special; ?>

----------------------------------------------------------------------


---------- Date: 2015-08-17 11:22:15 ~ IP : 111.93.24.238 ----------
REQUEST URI : /index.php?route=product/product&path=59&product_id=50
MOD DETAILS:
   modFile   : /var/www/html/vqmod/xml/simple_blog_catalog.xml
   id        : VQMOD CORE FOR OPENCART - DO NOT REMOVE
   version   : 1.4.x and 1.5.x
   vqmver    : 2.4.0
   author    : Opcrat

File Name    : catalog/view/theme/*/template/common/footer.tpl(0)
VQModObject::applyMod - SEARCH NOT FOUND (ABORTING MOD): <?php echo $special; ?>

----------------------------------------------------------------------


---------- Date: 2015-08-17 11:23:46 ~ IP : 111.93.24.238 ----------
REQUEST URI : /index.php?route=product/product&path=59&product_id=50
MOD DETAILS:
   modFile   : /var/www/html/vqmod/xml/simple_blog_catalog.xml
   id        : VQMOD CORE FOR OPENCART - DO NOT REMOVE
   version   : 1.4.x and 1.5.x
   vqmver    : 2.4.0
   author    : Opcrat

File Name    : catalog/view/theme/*/template/common/footer.tpl(0)
VQModObject::applyMod - SEARCH NOT FOUND (ABORTING MOD): <?php echo $special; ?>

----------------------------------------------------------------------


---------- Date: 2015-08-17 11:25:52 ~ IP : 111.93.24.238 ----------
REQUEST URI : /index.php?route=product/product&path=59&product_id=50
MOD DETAILS:
   modFile   : /var/www/html/vqmod/xml/simple_blog_catalog.xml
   id        : VQMOD CORE FOR OPENCART - DO NOT REMOVE
   version   : 1.4.x and 1.5.x
   vqmver    : 2.4.0
   author    : Opcrat

File Name    : catalog/view/theme/*/template/common/footer.tpl(0)
VQModObject::applyMod - SEARCH NOT FOUND (ABORTING MOD): <?php echo $special; ?>

----------------------------------------------------------------------


---------- Date: 2015-08-17 11:45:16 ~ IP : 111.93.24.238 ----------
REQUEST URI : /index.php?route=product/product&path=59&product_id=50
MOD DETAILS:
   modFile   : /var/www/html/vqmod/xml/simple_blog_catalog.xml
   id        : VQMOD CORE FOR OPENCART - DO NOT REMOVE
   version   : 1.4.x and 1.5.x
   vqmver    : 2.4.0
   author    : Opcrat

File Name    : catalog/view/theme/*/template/common/footer.tpl(0)
VQModObject::applyMod - SEARCH NOT FOUND (ABORTING MOD): <?php echo $special; ?>

----------------------------------------------------------------------


---------- Date: 2015-08-17 11:47:22 ~ IP : 111.93.24.238 ----------
REQUEST URI : /index.php?route=product/product&path=59&product_id=50
MOD DETAILS:
   modFile   : /var/www/html/vqmod/xml/simple_blog_catalog.xml
   id        : VQMOD CORE FOR OPENCART - DO NOT REMOVE
   version   : 1.4.x and 1.5.x
   vqmver    : 2.4.0
   author    : Opcrat

File Name    : catalog/view/theme/*/template/common/footer.tpl(0)
VQModObject::applyMod - SEARCH NOT FOUND (ABORTING MOD): <?php echo $special; ?>

----------------------------------------------------------------------


---------- Date: 2015-08-17 11:47:43 ~ IP : 111.93.24.238 ----------
REQUEST URI : /index.php?route=product/product&path=59&product_id=50
MOD DETAILS:
   modFile   : /var/www/html/vqmod/xml/simple_blog_catalog.xml
   id        : VQMOD CORE FOR OPENCART - DO NOT REMOVE
   version   : 1.4.x and 1.5.x
   vqmver    : 2.4.0
   author    : Opcrat

File Name    : catalog/view/theme/*/template/common/footer.tpl(0)
VQModObject::applyMod - SEARCH NOT FOUND (ABORTING MOD): <?php echo $special; ?>

----------------------------------------------------------------------


---------- Date: 2015-08-17 11:48:29 ~ IP : 111.93.24.238 ----------
REQUEST URI : /index.php?route=product/product&path=59&product_id=50
MOD DETAILS:
   modFile   : /var/www/html/vqmod/xml/simple_blog_catalog.xml
   id        : VQMOD CORE FOR OPENCART - DO NOT REMOVE
   version   : 1.4.x and 1.5.x
   vqmver    : 2.4.0
   author    : Opcrat

File Name    : catalog/view/theme/*/template/common/footer.tpl(0)
VQModObject::applyMod - SEARCH NOT FOUND (ABORTING MOD): <?php echo $special; ?>

----------------------------------------------------------------------


---------- Date: 2015-08-17 11:49:44 ~ IP : 111.93.24.238 ----------
REQUEST URI : /index.php?route=product/product&path=59&product_id=50
MOD DETAILS:
   modFile   : /var/www/html/vqmod/xml/simple_blog_catalog.xml
   id        : VQMOD CORE FOR OPENCART - DO NOT REMOVE
   version   : 1.4.x and 1.5.x
   vqmver    : 2.4.0
   author    : Opcrat

File Name    : catalog/view/theme/*/template/common/footer.tpl(0)
VQModObject::applyMod - SEARCH NOT FOUND (ABORTING MOD): <?php echo $special; ?>

----------------------------------------------------------------------


---------- Date: 2015-08-17 11:53:10 ~ IP : 111.93.24.238 ----------
REQUEST URI : /index.php?route=common/home
MOD DETAILS:
   modFile   : /var/www/html/vqmod/xml/simple_blog_catalog.xml
   id        : VQMOD CORE FOR OPENCART - DO NOT REMOVE
   version   : 1.4.x and 1.5.x
   vqmver    : 2.4.0
   author    : Opcrat

File Name    : catalog/view/theme/*/template/common/footer.tpl(0)
VQModObject::applyMod - SEARCH NOT FOUND (ABORTING MOD): <?php echo $special; ?>

----------------------------------------------------------------------


---------- Date: 2015-08-17 11:59:23 ~ IP : 111.93.24.238 ----------
REQUEST URI : /index.php?route=product/product&path=59&product_id=50
MOD DETAILS:
   modFile   : /var/www/html/vqmod/xml/simple_blog_catalog.xml
   id        : VQMOD CORE FOR OPENCART - DO NOT REMOVE
   version   : 1.4.x and 1.5.x
   vqmver    : 2.4.0
   author    : Opcrat

File Name    : catalog/view/theme/*/template/common/footer.tpl(0)
VQModObject::applyMod - SEARCH NOT FOUND (ABORTING MOD): <?php echo $special; ?>

----------------------------------------------------------------------


---------- Date: 2015-08-17 12:02:05 ~ IP : 111.93.24.238 ----------
REQUEST URI : /index.php?route=product/product&path=59&product_id=50
MOD DETAILS:
   modFile   : /var/www/html/vqmod/xml/simple_blog_catalog.xml
   id        : VQMOD CORE FOR OPENCART - DO NOT REMOVE
   version   : 1.4.x and 1.5.x
   vqmver    : 2.4.0
   author    : Opcrat

File Name    : catalog/view/theme/*/template/common/footer.tpl(0)
VQModObject::applyMod - SEARCH NOT FOUND (ABORTING MOD): <?php echo $special; ?>

----------------------------------------------------------------------


---------- Date: 2015-08-17 12:07:23 ~ IP : 111.93.24.238 ----------
REQUEST URI : /index.php?route=product/product&path=59&product_id=50
MOD DETAILS:
   modFile   : /var/www/html/vqmod/xml/simple_blog_catalog.xml
   id        : VQMOD CORE FOR OPENCART - DO NOT REMOVE
   version   : 1.4.x and 1.5.x
   vqmver    : 2.4.0
   author    : Opcrat

File Name    : catalog/view/theme/*/template/common/footer.tpl(0)
VQModObject::applyMod - SEARCH NOT FOUND (ABORTING MOD): <?php echo $special; ?>

----------------------------------------------------------------------


---------- Date: 2015-08-17 12:09:46 ~ IP : 111.93.24.238 ----------
REQUEST URI : /index.php?route=product/product&path=59&product_id=50
MOD DETAILS:
   modFile   : /var/www/html/vqmod/xml/simple_blog_catalog.xml
   id        : VQMOD CORE FOR OPENCART - DO NOT REMOVE
   version   : 1.4.x and 1.5.x
   vqmver    : 2.4.0
   author    : Opcrat

File Name    : catalog/view/theme/*/template/common/footer.tpl(0)
VQModObject::applyMod - SEARCH NOT FOUND (ABORTING MOD): <?php echo $special; ?>

----------------------------------------------------------------------


---------- Date: 2015-08-17 12:15:27 ~ IP : 111.93.24.238 ----------
REQUEST URI : /index.php?route=product/product&path=59&product_id=50
MOD DETAILS:
   modFile   : /var/www/html/vqmod/xml/simple_blog_catalog.xml
   id        : VQMOD CORE FOR OPENCART - DO NOT REMOVE
   version   : 1.4.x and 1.5.x
   vqmver    : 2.4.0
   author    : Opcrat

File Name    : catalog/view/theme/*/template/common/footer.tpl(0)
VQModObject::applyMod - SEARCH NOT FOUND (ABORTING MOD): <?php echo $special; ?>

----------------------------------------------------------------------


---------- Date: 2015-08-17 12:56:21 ~ IP : 111.93.24.238 ----------
REQUEST URI : /index.php?route=product/product&path=59&product_id=50
MOD DETAILS:
   modFile   : /var/www/html/vqmod/xml/simple_blog_catalog.xml
   id        : VQMOD CORE FOR OPENCART - DO NOT REMOVE
   version   : 1.4.x and 1.5.x
   vqmver    : 2.4.0
   author    : Opcrat

File Name    : catalog/view/theme/*/template/common/footer.tpl(0)
VQModObject::applyMod - SEARCH NOT FOUND (ABORTING MOD): <?php echo $special; ?>

----------------------------------------------------------------------


---------- Date: 2015-08-17 13:45:26 ~ IP : 111.93.24.238 ----------
REQUEST URI : /index.php?route=product/product&path=59&product_id=50
MOD DETAILS:
   modFile   : /var/www/html/vqmod/xml/simple_blog_catalog.xml
   id        : VQMOD CORE FOR OPENCART - DO NOT REMOVE
   version   : 1.4.x and 1.5.x
   vqmver    : 2.4.0
   author    : Opcrat

File Name    : catalog/view/theme/*/template/common/footer.tpl(0)
VQModObject::applyMod - SEARCH NOT FOUND (ABORTING MOD): <?php echo $special; ?>

----------------------------------------------------------------------


---------- Date: 2015-08-17 13:52:37 ~ IP : 111.93.24.238 ----------
REQUEST URI : /index.php
MOD DETAILS:
   modFile   : /var/www/html/vqmod/xml/simple_blog_catalog.xml
   id        : VQMOD CORE FOR OPENCART - DO NOT REMOVE
   version   : 1.4.x and 1.5.x
   vqmver    : 2.4.0
   author    : Opcrat

File Name    : catalog/view/theme/*/template/common/footer.tpl(0)
VQModObject::applyMod - SEARCH NOT FOUND (ABORTING MOD): <?php echo $special; ?>

----------------------------------------------------------------------


---------- Date: 2015-08-17 13:55:11 ~ IP : 111.93.24.238 ----------
REQUEST URI : /index.php?route=product/product&path=59&product_id=50
MOD DETAILS:
   modFile   : /var/www/html/vqmod/xml/simple_blog_catalog.xml
   id        : VQMOD CORE FOR OPENCART - DO NOT REMOVE
   version   : 1.4.x and 1.5.x
   vqmver    : 2.4.0
   author    : Opcrat

File Name    : catalog/view/theme/*/template/common/footer.tpl(0)
VQModObject::applyMod - SEARCH NOT FOUND (ABORTING MOD): <?php echo $special; ?>

----------------------------------------------------------------------


---------- Date: 2015-08-17 13:58:40 ~ IP : 111.93.24.238 ----------
REQUEST URI : /index.php?route=product/product&path=59&product_id=50
MOD DETAILS:
   modFile   : /var/www/html/vqmod/xml/simple_blog_catalog.xml
   id        : VQMOD CORE FOR OPENCART - DO NOT REMOVE
   version   : 1.4.x and 1.5.x
   vqmver    : 2.4.0
   author    : Opcrat

File Name    : catalog/view/theme/*/template/common/footer.tpl(0)
VQModObject::applyMod - SEARCH NOT FOUND (ABORTING MOD): <?php echo $special; ?>

----------------------------------------------------------------------


---------- Date: 2015-08-17 14:03:06 ~ IP : 111.93.24.238 ----------
REQUEST URI : /index.php?route=product/product&path=59&product_id=50
MOD DETAILS:
   modFile   : /var/www/html/vqmod/xml/simple_blog_catalog.xml
   id        : VQMOD CORE FOR OPENCART - DO NOT REMOVE
   version   : 1.4.x and 1.5.x
   vqmver    : 2.4.0
   author    : Opcrat

File Name    : catalog/view/theme/*/template/common/footer.tpl(0)
VQModObject::applyMod - SEARCH NOT FOUND (ABORTING MOD): <?php echo $special; ?>

----------------------------------------------------------------------


---------- Date: 2015-08-17 14:04:05 ~ IP : 111.93.24.238 ----------
REQUEST URI : /index.php?route=product/product&path=59&product_id=50
MOD DETAILS:
   modFile   : /var/www/html/vqmod/xml/simple_blog_catalog.xml
   id        : VQMOD CORE FOR OPENCART - DO NOT REMOVE
   version   : 1.4.x and 1.5.x
   vqmver    : 2.4.0
   author    : Opcrat

File Name    : catalog/view/theme/*/template/common/footer.tpl(0)
VQModObject::applyMod - SEARCH NOT FOUND (ABORTING MOD): <?php echo $special; ?>

----------------------------------------------------------------------


---------- Date: 2015-08-17 15:28:32 ~ IP : 111.93.24.238 ----------
REQUEST URI : /index.php?route=product/category&path=59
MOD DETAILS:
   modFile   : /var/www/html/vqmod/xml/simple_blog_catalog.xml
   id        : VQMOD CORE FOR OPENCART - DO NOT REMOVE
   version   : 1.4.x and 1.5.x
   vqmver    : 2.4.0
   author    : Opcrat

File Name    : catalog/view/theme/*/template/common/footer.tpl(0)
VQModObject::applyMod - SEARCH NOT FOUND (ABORTING MOD): <?php echo $special; ?>

----------------------------------------------------------------------


---------- Date: 2015-08-17 15:32:09 ~ IP : 111.93.24.238 ----------
REQUEST URI : /index.php?route=product/product&path=59&product_id=50
MOD DETAILS:
   modFile   : /var/www/html/vqmod/xml/simple_blog_catalog.xml
   id        : VQMOD CORE FOR OPENCART - DO NOT REMOVE
   version   : 1.4.x and 1.5.x
   vqmver    : 2.4.0
   author    : Opcrat

File Name    : catalog/view/theme/*/template/common/footer.tpl(0)
VQModObject::applyMod - SEARCH NOT FOUND (ABORTING MOD): <?php echo $special; ?>

----------------------------------------------------------------------


---------- Date: 2015-08-17 16:56:17 ~ IP : 111.93.24.238 ----------
REQUEST URI : /index.php?route=product/product&path=59&product_id=50
MOD DETAILS:
   modFile   : /var/www/html/vqmod/xml/simple_blog_catalog.xml
   id        : VQMOD CORE FOR OPENCART - DO NOT REMOVE
   version   : 1.4.x and 1.5.x
   vqmver    : 2.4.0
   author    : Opcrat

File Name    : catalog/view/theme/*/template/common/footer.tpl(0)
VQModObject::applyMod - SEARCH NOT FOUND (ABORTING MOD): <?php echo $special; ?>

----------------------------------------------------------------------


---------- Date: 2015-08-17 17:04:06 ~ IP : 111.93.24.238 ----------
REQUEST URI : /index.php?route=product/product&path=59&product_id=50
MOD DETAILS:
   modFile   : /var/www/html/vqmod/xml/simple_blog_catalog.xml
   id        : VQMOD CORE FOR OPENCART - DO NOT REMOVE
   version   : 1.4.x and 1.5.x
   vqmver    : 2.4.0
   author    : Opcrat

File Name    : catalog/view/theme/*/template/common/footer.tpl(0)
VQModObject::applyMod - SEARCH NOT FOUND (ABORTING MOD): <?php echo $special; ?>

----------------------------------------------------------------------


---------- Date: 2015-08-17 19:00:46 ~ IP : 49.206.18.17 ----------
REQUEST URI : /index.php?route=product/product&path=59&product_id=50
MOD DETAILS:
   modFile   : /var/www/html/vqmod/xml/simple_blog_catalog.xml
   id        : VQMOD CORE FOR OPENCART - DO NOT REMOVE
   version   : 1.4.x and 1.5.x
   vqmver    : 2.4.0
   author    : Opcrat

File Name    : catalog/view/theme/*/template/common/footer.tpl(0)
VQModObject::applyMod - SEARCH NOT FOUND (ABORTING MOD): <?php echo $special; ?>

----------------------------------------------------------------------


---------- Date: 2015-08-17 19:03:04 ~ IP : 49.206.18.17 ----------
REQUEST URI : /index.php?route=product/product&path=59&product_id=50
MOD DETAILS:
   modFile   : /var/www/html/vqmod/xml/simple_blog_catalog.xml
   id        : VQMOD CORE FOR OPENCART - DO NOT REMOVE
   version   : 1.4.x and 1.5.x
   vqmver    : 2.4.0
   author    : Opcrat

File Name    : catalog/view/theme/*/template/common/footer.tpl(0)
VQModObject::applyMod - SEARCH NOT FOUND (ABORTING MOD): <?php echo $special; ?>

----------------------------------------------------------------------


---------- Date: 2015-08-17 19:04:15 ~ IP : 49.206.18.17 ----------
REQUEST URI : /index.php?route=product/product&path=59&product_id=50
MOD DETAILS:
   modFile   : /var/www/html/vqmod/xml/simple_blog_catalog.xml
   id        : VQMOD CORE FOR OPENCART - DO NOT REMOVE
   version   : 1.4.x and 1.5.x
   vqmver    : 2.4.0
   author    : Opcrat

File Name    : catalog/view/theme/*/template/common/footer.tpl(0)
VQModObject::applyMod - SEARCH NOT FOUND (ABORTING MOD): <?php echo $special; ?>

----------------------------------------------------------------------


---------- Date: 2015-08-17 19:05:22 ~ IP : 49.206.18.17 ----------
REQUEST URI : /index.php?route=product/product&path=59&product_id=50
MOD DETAILS:
   modFile   : /var/www/html/vqmod/xml/simple_blog_catalog.xml
   id        : VQMOD CORE FOR OPENCART - DO NOT REMOVE
   version   : 1.4.x and 1.5.x
   vqmver    : 2.4.0
   author    : Opcrat

File Name    : catalog/view/theme/*/template/common/footer.tpl(0)
VQModObject::applyMod - SEARCH NOT FOUND (ABORTING MOD): <?php echo $special; ?>

----------------------------------------------------------------------


