---------- Date: 2015-08-13 13:39:52 ~ IP : 183.82.75.9 ----------
REQUEST URI : /index.php?route=product/product&path=59&product_id=50
MOD DETAILS:
   modFile   : /var/www/html/vqmod/xml/simple_blog_catalog.xml
   id        : VQMOD CORE FOR OPENCART - DO NOT REMOVE
   version   : 1.4.x and 1.5.x
   vqmver    : 2.4.0
   author    : Opcrat

File Name    : catalog/view/theme/*/template/common/footer.tpl(0)
VQModObject::applyMod - SEARCH NOT FOUND (ABORTING MOD): <?php echo $special; ?>

----------------------------------------------------------------------


---------- Date: 2015-08-13 13:58:25 ~ IP : 183.82.75.9 ----------
REQUEST URI : /index.php?route=product/product&path=59&product_id=50
MOD DETAILS:
   modFile   : /var/www/html/vqmod/xml/simple_blog_catalog.xml
   id        : VQMOD CORE FOR OPENCART - DO NOT REMOVE
   version   : 1.4.x and 1.5.x
   vqmver    : 2.4.0
   author    : Opcrat

File Name    : catalog/view/theme/*/template/common/footer.tpl(0)
VQModObject::applyMod - SEARCH NOT FOUND (ABORTING MOD): <?php echo $special; ?>

----------------------------------------------------------------------


---------- Date: 2015-08-13 14:04:01 ~ IP : 183.82.75.9 ----------
REQUEST URI : /index.php?route=product/product&path=59&product_id=50
MOD DETAILS:
   modFile   : /var/www/html/vqmod/xml/simple_blog_catalog.xml
   id        : VQMOD CORE FOR OPENCART - DO NOT REMOVE
   version   : 1.4.x and 1.5.x
   vqmver    : 2.4.0
   author    : Opcrat

File Name    : catalog/view/theme/*/template/common/footer.tpl(0)
VQModObject::applyMod - SEARCH NOT FOUND (ABORTING MOD): <?php echo $special; ?>

----------------------------------------------------------------------


---------- Date: 2015-08-13 14:05:07 ~ IP : 183.82.75.9 ----------
REQUEST URI : /index.php?route=product/product&path=59&product_id=50
MOD DETAILS:
   modFile   : /var/www/html/vqmod/xml/simple_blog_catalog.xml
   id        : VQMOD CORE FOR OPENCART - DO NOT REMOVE
   version   : 1.4.x and 1.5.x
   vqmver    : 2.4.0
   author    : Opcrat

File Name    : catalog/view/theme/*/template/common/footer.tpl(0)
VQModObject::applyMod - SEARCH NOT FOUND (ABORTING MOD): <?php echo $special; ?>

----------------------------------------------------------------------


---------- Date: 2015-08-13 14:06:08 ~ IP : 183.82.75.9 ----------
REQUEST URI : /index.php?route=product/product&path=59&product_id=50
MOD DETAILS:
   modFile   : /var/www/html/vqmod/xml/simple_blog_catalog.xml
   id        : VQMOD CORE FOR OPENCART - DO NOT REMOVE
   version   : 1.4.x and 1.5.x
   vqmver    : 2.4.0
   author    : Opcrat

File Name    : catalog/view/theme/*/template/common/footer.tpl(0)
VQModObject::applyMod - SEARCH NOT FOUND (ABORTING MOD): <?php echo $special; ?>

----------------------------------------------------------------------


---------- Date: 2015-08-13 14:06:58 ~ IP : 183.82.75.9 ----------
REQUEST URI : /index.php?route=product/product&path=59&product_id=50
MOD DETAILS:
   modFile   : /var/www/html/vqmod/xml/simple_blog_catalog.xml
   id        : VQMOD CORE FOR OPENCART - DO NOT REMOVE
   version   : 1.4.x and 1.5.x
   vqmver    : 2.4.0
   author    : Opcrat

File Name    : catalog/view/theme/*/template/common/footer.tpl(0)
VQModObject::applyMod - SEARCH NOT FOUND (ABORTING MOD): <?php echo $special; ?>

----------------------------------------------------------------------


---------- Date: 2015-08-13 14:07:23 ~ IP : 183.82.75.9 ----------
REQUEST URI : /index.php?route=product/product&path=59&product_id=50
MOD DETAILS:
   modFile   : /var/www/html/vqmod/xml/simple_blog_catalog.xml
   id        : VQMOD CORE FOR OPENCART - DO NOT REMOVE
   version   : 1.4.x and 1.5.x
   vqmver    : 2.4.0
   author    : Opcrat

File Name    : catalog/view/theme/*/template/common/footer.tpl(0)
VQModObject::applyMod - SEARCH NOT FOUND (ABORTING MOD): <?php echo $special; ?>

----------------------------------------------------------------------


---------- Date: 2015-08-13 14:08:14 ~ IP : 183.82.75.9 ----------
REQUEST URI : /index.php?route=product/product&path=59&product_id=50
MOD DETAILS:
   modFile   : /var/www/html/vqmod/xml/simple_blog_catalog.xml
   id        : VQMOD CORE FOR OPENCART - DO NOT REMOVE
   version   : 1.4.x and 1.5.x
   vqmver    : 2.4.0
   author    : Opcrat

File Name    : catalog/view/theme/*/template/common/footer.tpl(0)
VQModObject::applyMod - SEARCH NOT FOUND (ABORTING MOD): <?php echo $special; ?>

----------------------------------------------------------------------


