---------- Date: 2015-08-21 09:21:14 ~ IP : 49.204.255.14 ----------
REQUEST URI : /index.php?route=product/product&path=59&product_id=50
MOD DETAILS:
   modFile   : /var/www/html/vqmod/xml/simple_blog_catalog.xml
   id        : VQMOD CORE FOR OPENCART - DO NOT REMOVE
   version   : 1.4.x and 1.5.x
   vqmver    : 2.4.0
   author    : Opcrat

File Name    : catalog/view/theme/*/template/common/footer.tpl(0)
VQModObject::applyMod - SEARCH NOT FOUND (ABORTING MOD): <?php echo $special; ?>

----------------------------------------------------------------------


---------- Date: 2015-08-21 09:36:40 ~ IP : 49.204.255.14 ----------
REQUEST URI : /index.php?route=product/product&path=59&product_id=50
MOD DETAILS:
   modFile   : /var/www/html/vqmod/xml/simple_blog_catalog.xml
   id        : VQMOD CORE FOR OPENCART - DO NOT REMOVE
   version   : 1.4.x and 1.5.x
   vqmver    : 2.4.0
   author    : Opcrat

File Name    : catalog/view/theme/*/template/common/footer.tpl(0)
VQModObject::applyMod - SEARCH NOT FOUND (ABORTING MOD): <?php echo $special; ?>

----------------------------------------------------------------------


---------- Date: 2015-08-21 09:38:22 ~ IP : 49.204.255.14 ----------
REQUEST URI : /index.php?route=product/product&path=59&product_id=50
MOD DETAILS:
   modFile   : /var/www/html/vqmod/xml/simple_blog_catalog.xml
   id        : VQMOD CORE FOR OPENCART - DO NOT REMOVE
   version   : 1.4.x and 1.5.x
   vqmver    : 2.4.0
   author    : Opcrat

File Name    : catalog/view/theme/*/template/common/footer.tpl(0)
VQModObject::applyMod - SEARCH NOT FOUND (ABORTING MOD): <?php echo $special; ?>

----------------------------------------------------------------------


---------- Date: 2015-08-21 09:52:16 ~ IP : 49.204.255.14 ----------
REQUEST URI : /index.php?route=product/product&path=59&product_id=50
MOD DETAILS:
   modFile   : /var/www/html/vqmod/xml/simple_blog_catalog.xml
   id        : VQMOD CORE FOR OPENCART - DO NOT REMOVE
   version   : 1.4.x and 1.5.x
   vqmver    : 2.4.0
   author    : Opcrat

File Name    : catalog/view/theme/*/template/common/footer.tpl(0)
VQModObject::applyMod - SEARCH NOT FOUND (ABORTING MOD): <?php echo $special; ?>

----------------------------------------------------------------------


---------- Date: 2015-08-21 09:56:44 ~ IP : 49.204.255.14 ----------
REQUEST URI : /index.php?route=product/product&path=59&product_id=50
MOD DETAILS:
   modFile   : /var/www/html/vqmod/xml/simple_blog_catalog.xml
   id        : VQMOD CORE FOR OPENCART - DO NOT REMOVE
   version   : 1.4.x and 1.5.x
   vqmver    : 2.4.0
   author    : Opcrat

File Name    : catalog/view/theme/*/template/common/footer.tpl(0)
VQModObject::applyMod - SEARCH NOT FOUND (ABORTING MOD): <?php echo $special; ?>

----------------------------------------------------------------------


---------- Date: 2015-08-21 10:15:23 ~ IP : 49.204.255.14 ----------
REQUEST URI : /index.php?route=product/product&path=59&product_id=50
MOD DETAILS:
   modFile   : /var/www/html/vqmod/xml/simple_blog_catalog.xml
   id        : VQMOD CORE FOR OPENCART - DO NOT REMOVE
   version   : 1.4.x and 1.5.x
   vqmver    : 2.4.0
   author    : Opcrat

File Name    : catalog/view/theme/*/template/common/footer.tpl(0)
VQModObject::applyMod - SEARCH NOT FOUND (ABORTING MOD): <?php echo $special; ?>

----------------------------------------------------------------------


---------- Date: 2015-08-21 10:18:08 ~ IP : 49.204.255.14 ----------
REQUEST URI : /index.php?route=product/product&path=59&product_id=50
MOD DETAILS:
   modFile   : /var/www/html/vqmod/xml/simple_blog_catalog.xml
   id        : VQMOD CORE FOR OPENCART - DO NOT REMOVE
   version   : 1.4.x and 1.5.x
   vqmver    : 2.4.0
   author    : Opcrat

File Name    : catalog/view/theme/*/template/common/footer.tpl(0)
VQModObject::applyMod - SEARCH NOT FOUND (ABORTING MOD): <?php echo $special; ?>

----------------------------------------------------------------------


---------- Date: 2015-08-21 10:21:17 ~ IP : 49.204.255.14 ----------
REQUEST URI : /index.php?route=product/product&path=59&product_id=50
MOD DETAILS:
   modFile   : /var/www/html/vqmod/xml/simple_blog_catalog.xml
   id        : VQMOD CORE FOR OPENCART - DO NOT REMOVE
   version   : 1.4.x and 1.5.x
   vqmver    : 2.4.0
   author    : Opcrat

File Name    : catalog/view/theme/*/template/common/footer.tpl(0)
VQModObject::applyMod - SEARCH NOT FOUND (ABORTING MOD): <?php echo $special; ?>

----------------------------------------------------------------------


---------- Date: 2015-08-21 10:26:36 ~ IP : 49.204.255.14 ----------
REQUEST URI : /index.php?route=product/product&path=59&product_id=50
MOD DETAILS:
   modFile   : /var/www/html/vqmod/xml/simple_blog_catalog.xml
   id        : VQMOD CORE FOR OPENCART - DO NOT REMOVE
   version   : 1.4.x and 1.5.x
   vqmver    : 2.4.0
   author    : Opcrat

File Name    : catalog/view/theme/*/template/common/footer.tpl(0)
VQModObject::applyMod - SEARCH NOT FOUND (ABORTING MOD): <?php echo $special; ?>

----------------------------------------------------------------------


---------- Date: 2015-08-21 10:31:04 ~ IP : 49.204.255.14 ----------
REQUEST URI : /index.php?route=product/product&path=59&product_id=50
MOD DETAILS:
   modFile   : /var/www/html/vqmod/xml/simple_blog_catalog.xml
   id        : VQMOD CORE FOR OPENCART - DO NOT REMOVE
   version   : 1.4.x and 1.5.x
   vqmver    : 2.4.0
   author    : Opcrat

File Name    : catalog/view/theme/*/template/common/footer.tpl(0)
VQModObject::applyMod - SEARCH NOT FOUND (ABORTING MOD): <?php echo $special; ?>

----------------------------------------------------------------------


---------- Date: 2015-08-21 10:32:44 ~ IP : 49.204.255.14 ----------
REQUEST URI : /index.php?route=product/product&path=59&product_id=50
MOD DETAILS:
   modFile   : /var/www/html/vqmod/xml/simple_blog_catalog.xml
   id        : VQMOD CORE FOR OPENCART - DO NOT REMOVE
   version   : 1.4.x and 1.5.x
   vqmver    : 2.4.0
   author    : Opcrat

File Name    : catalog/view/theme/*/template/common/footer.tpl(0)
VQModObject::applyMod - SEARCH NOT FOUND (ABORTING MOD): <?php echo $special; ?>

----------------------------------------------------------------------


---------- Date: 2015-08-21 10:35:03 ~ IP : 49.204.255.14 ----------
REQUEST URI : /index.php?route=product/product&path=59&product_id=50
MOD DETAILS:
   modFile   : /var/www/html/vqmod/xml/simple_blog_catalog.xml
   id        : VQMOD CORE FOR OPENCART - DO NOT REMOVE
   version   : 1.4.x and 1.5.x
   vqmver    : 2.4.0
   author    : Opcrat

File Name    : catalog/view/theme/*/template/common/footer.tpl(0)
VQModObject::applyMod - SEARCH NOT FOUND (ABORTING MOD): <?php echo $special; ?>

----------------------------------------------------------------------


---------- Date: 2015-08-21 10:37:23 ~ IP : 49.204.255.14 ----------
REQUEST URI : /index.php?route=product/product&path=59&product_id=50
MOD DETAILS:
   modFile   : /var/www/html/vqmod/xml/simple_blog_catalog.xml
   id        : VQMOD CORE FOR OPENCART - DO NOT REMOVE
   version   : 1.4.x and 1.5.x
   vqmver    : 2.4.0
   author    : Opcrat

File Name    : catalog/view/theme/*/template/common/footer.tpl(0)
VQModObject::applyMod - SEARCH NOT FOUND (ABORTING MOD): <?php echo $special; ?>

----------------------------------------------------------------------


---------- Date: 2015-08-21 10:39:51 ~ IP : 49.204.255.14 ----------
REQUEST URI : /index.php?route=product/product&path=59&product_id=50
MOD DETAILS:
   modFile   : /var/www/html/vqmod/xml/simple_blog_catalog.xml
   id        : VQMOD CORE FOR OPENCART - DO NOT REMOVE
   version   : 1.4.x and 1.5.x
   vqmver    : 2.4.0
   author    : Opcrat

File Name    : catalog/view/theme/*/template/common/footer.tpl(0)
VQModObject::applyMod - SEARCH NOT FOUND (ABORTING MOD): <?php echo $special; ?>

----------------------------------------------------------------------


---------- Date: 2015-08-21 10:41:01 ~ IP : 49.204.255.14 ----------
REQUEST URI : /index.php?route=product/product&path=59&product_id=50
MOD DETAILS:
   modFile   : /var/www/html/vqmod/xml/simple_blog_catalog.xml
   id        : VQMOD CORE FOR OPENCART - DO NOT REMOVE
   version   : 1.4.x and 1.5.x
   vqmver    : 2.4.0
   author    : Opcrat

File Name    : catalog/view/theme/*/template/common/footer.tpl(0)
VQModObject::applyMod - SEARCH NOT FOUND (ABORTING MOD): <?php echo $special; ?>

----------------------------------------------------------------------


---------- Date: 2015-08-21 10:42:36 ~ IP : 49.204.255.14 ----------
REQUEST URI : /index.php?route=common/home
MOD DETAILS:
   modFile   : /var/www/html/vqmod/xml/simple_blog_catalog.xml
   id        : VQMOD CORE FOR OPENCART - DO NOT REMOVE
   version   : 1.4.x and 1.5.x
   vqmver    : 2.4.0
   author    : Opcrat

File Name    : catalog/view/theme/*/template/common/footer.tpl(0)
VQModObject::applyMod - SEARCH NOT FOUND (ABORTING MOD): <?php echo $special; ?>

----------------------------------------------------------------------


---------- Date: 2015-08-21 15:26:29 ~ IP : 49.206.18.17 ----------
REQUEST URI : /index.php?route=product/category&path=59
MOD DETAILS:
   modFile   : /var/www/html/vqmod/xml/simple_blog_catalog.xml
   id        : VQMOD CORE FOR OPENCART - DO NOT REMOVE
   version   : 1.4.x and 1.5.x
   vqmver    : 2.4.0
   author    : Opcrat

File Name    : catalog/view/theme/*/template/common/footer.tpl(0)
VQModObject::applyMod - SEARCH NOT FOUND (ABORTING MOD): <?php echo $special; ?>

----------------------------------------------------------------------


