---------- Date: 2015-05-16 21:07:03 ~ IP : 49.206.62.103 ----------
REQUEST URI : /index.php?route=product/product&path=59&product_id=50
MOD DETAILS:
   modFile   : /var/www/html/vqmod/xml/vqmod_comboproducts_catalog.xml
   id        : 
   version   : 
   vqmver    : 
   author    : 

File Name    : catalog/view/theme/*/template/product/product.tpl(0)
VQModObject::applyMod - SEARCH NOT FOUND (ABORTING MOD): $<ul class="thumbnails">
----------------------------------------------------------------------


---------- Date: 2015-05-16 21:07:36 ~ IP : 49.206.62.103 ----------
REQUEST URI : /index.php?route=product/product&path=59&product_id=50
MOD DETAILS:
   modFile   : /var/www/html/vqmod/xml/vqmod_comboproducts_catalog.xml
   id        : 
   version   : 
   vqmver    : 
   author    : 

File Name    : catalog/view/theme/*/template/product/product.tpl(0)
VQModObject::applyMod - SEARCH NOT FOUND (ABORTING MOD): $<ul class="thumbnails">
----------------------------------------------------------------------


---------- Date: 2015-05-16 21:10:40 ~ IP : 49.206.62.103 ----------
REQUEST URI : /index.php?route=product/product&path=59&product_id=50
MOD DETAILS:
   modFile   : /var/www/html/vqmod/xml/vqmod_comboproducts_catalog.xml
   id        : 
   version   : 
   vqmver    : 
   author    : 

File Name    : catalog/view/theme/*/template/product/product.tpl(0)
VQModObject::applyMod - SEARCH NOT FOUND (ABORTING MOD): $<ul class="thumbnails">
----------------------------------------------------------------------


---------- Date: 2015-05-16 21:12:53 ~ IP : 49.206.62.103 ----------
REQUEST URI : /index.php?route=product/product&path=59&product_id=50
MOD DETAILS:
   modFile   : /var/www/html/vqmod/xml/vqmod_comboproducts_catalog.xml
   id        : 
   version   : 
   vqmver    : 
   author    : 

File Name    : catalog/view/theme/default/template/product/product.tpl(0)
VQModObject::applyMod - SEARCH NOT FOUND (ABORTING MOD): $<ul class="thumbnails">
----------------------------------------------------------------------


